[debug] [2024-12-18T04:25:40.351Z] ----------------------------------------------------------------------
[debug] [2024-12-18T04:25:40.357Z] Command:       /home/louiscars190/.nvm/versions/node/v22.9.0/bin/node /home/louiscars190/.nvm/versions/node/v22.9.0/bin/firebase emulators:start
[debug] [2024-12-18T04:25:40.357Z] CLI Version:   13.29.1
[debug] [2024-12-18T04:25:40.358Z] Platform:      linux
[debug] [2024-12-18T04:25:40.358Z] Node Version:  v22.9.0
[debug] [2024-12-18T04:25:40.358Z] Time:          Tue Dec 17 2024 23:25:40 GMT-0500 (Eastern Standard Time)
[debug] [2024-12-18T04:25:40.358Z] ----------------------------------------------------------------------
[debug] 
[debug] [2024-12-18T04:25:40.431Z] > command requires scopes: ["email","openid","https://www.googleapis.com/auth/cloudplatformprojects.readonly","https://www.googleapis.com/auth/firebase","https://www.googleapis.com/auth/cloud-platform"]
[debug] [2024-12-18T04:25:40.431Z] > authorizing via signed-in user (louiscars170@gmail.com)
[info] i  emulators: Starting emulators: auth, functions, pubsub, extensions {"metadata":{"emulator":{"name":"hub"},"message":"Starting emulators: auth, functions, pubsub, extensions"}}
[debug] [2024-12-18T04:25:40.433Z] Checked if tokens are valid: false, expires at: 1734495601233
[debug] [2024-12-18T04:25:40.433Z] Checked if tokens are valid: false, expires at: 1734495601233
[debug] [2024-12-18T04:25:40.433Z] > refreshing access token with scopes: []
[debug] [2024-12-18T04:25:40.434Z] >>> [apiv2][query] POST https://www.googleapis.com/oauth2/v3/token [none]
[debug] [2024-12-18T04:25:40.434Z] >>> [apiv2][body] POST https://www.googleapis.com/oauth2/v3/token [omitted]
[debug] [2024-12-18T04:25:40.636Z] <<< [apiv2][status] POST https://www.googleapis.com/oauth2/v3/token 200
[debug] [2024-12-18T04:25:40.636Z] <<< [apiv2][body] POST https://www.googleapis.com/oauth2/v3/token [omitted]
[debug] [2024-12-18T04:25:40.642Z] >>> [apiv2][query] GET https://cloudresourcemanager.googleapis.com/v1/projects/productdashboard-f3ecb [none]
[debug] [2024-12-18T04:25:41.008Z] <<< [apiv2][status] GET https://cloudresourcemanager.googleapis.com/v1/projects/productdashboard-f3ecb 200
[debug] [2024-12-18T04:25:41.009Z] <<< [apiv2][body] GET https://cloudresourcemanager.googleapis.com/v1/projects/productdashboard-f3ecb {"projectNumber":"552896068559","projectId":"productdashboard-f3ecb","lifecycleState":"ACTIVE","name":"productdashboard","labels":{"firebase":"enabled","firebase-core":"disabled"},"createTime":"2024-12-18T00:21:22.454585Z"}
[debug] [2024-12-18T04:25:41.014Z] assigned listening specs for emulators {"user":{"hub":[{"address":"127.0.0.1","family":"IPv4","port":4400}],"ui":[{"address":"127.0.0.1","family":"IPv4","port":4000}],"logging":[{"address":"127.0.0.1","family":"IPv4","port":4500}],"auth":[{"address":"127.0.0.1","family":"IPv4","port":9099}],"pubsub":[{"address":"127.0.0.1","family":"IPv4","port":8085}]},"metadata":{"message":"assigned listening specs for emulators"}}
[debug] [2024-12-18T04:25:41.017Z] [hub] writing locator at /tmp/hub-productdashboard-f3ecb.json
[debug] [2024-12-18T04:25:41.022Z] [Extensions] Started Extensions emulator, this is a noop.
[debug] [2024-12-18T04:25:41.022Z] late-assigned ports for functions and eventarc emulators {"user":{"hub":[{"address":"127.0.0.1","family":"IPv4","port":4400}],"ui":[{"address":"127.0.0.1","family":"IPv4","port":4000}],"logging":[{"address":"127.0.0.1","family":"IPv4","port":4500}],"auth":[{"address":"127.0.0.1","family":"IPv4","port":9099}],"pubsub":[{"address":"127.0.0.1","family":"IPv4","port":8085}],"functions":[{"address":"127.0.0.1","family":"IPv4","port":5001}],"eventarc":[{"address":"127.0.0.1","family":"IPv4","port":9299}],"tasks":[{"address":"127.0.0.1","family":"IPv4","port":9499}]},"metadata":{"message":"late-assigned ports for functions and eventarc emulators"}}
[warn] ⚠  functions: The following emulators are not running, calls to these services from the Functions emulator will affect production: apphosting, firestore, database, hosting, storage, dataconnect {"metadata":{"emulator":{"name":"functions"},"message":"The following emulators are not running, calls to these services from the Functions emulator will affect production: \u001b[1mapphosting, firestore, database, hosting, storage, dataconnect\u001b[22m"}}
[debug] [2024-12-18T04:25:41.024Z] defaultcredentials: writing to file /home/louiscars190/.config/firebase/louiscars170_gmail_com_application_default_credentials.json
[debug] [2024-12-18T04:25:41.026Z] Setting GAC to /home/louiscars190/.config/firebase/louiscars170_gmail_com_application_default_credentials.json {"metadata":{"emulator":{"name":"functions"},"message":"Setting GAC to /home/louiscars190/.config/firebase/louiscars170_gmail_com_application_default_credentials.json"}}
[debug] [2024-12-18T04:25:41.026Z] Checked if tokens are valid: true, expires at: 1734499539636
[debug] [2024-12-18T04:25:41.026Z] Checked if tokens are valid: true, expires at: 1734499539636
[debug] [2024-12-18T04:25:41.026Z] >>> [apiv2][query] GET https://firebase.googleapis.com/v1beta1/projects/productdashboard-f3ecb/adminSdkConfig [none]
[debug] [2024-12-18T04:25:41.542Z] <<< [apiv2][status] GET https://firebase.googleapis.com/v1beta1/projects/productdashboard-f3ecb/adminSdkConfig 200
[debug] [2024-12-18T04:25:41.542Z] <<< [apiv2][body] GET https://firebase.googleapis.com/v1beta1/projects/productdashboard-f3ecb/adminSdkConfig {"projectId":"productdashboard-f3ecb","storageBucket":"productdashboard-f3ecb.firebasestorage.app"}
[debug] [2024-12-18T04:25:45.103Z] Ignoring unsupported arg: projectId {"metadata":{"emulator":{"name":"pubsub"},"message":"Ignoring unsupported arg: projectId"}}
[debug] [2024-12-18T04:25:45.103Z] Ignoring unsupported arg: auto_download {"metadata":{"emulator":{"name":"pubsub"},"message":"Ignoring unsupported arg: auto_download"}}
[debug] [2024-12-18T04:25:45.103Z] Starting Pub/Sub Emulator with command {"binary":"/home/louiscars190/.cache/firebase/emulators/pubsub-emulator-0.8.14/pubsub-emulator/bin/cloud-pubsub-emulator","args":["--host=127.0.0.1","--port=8085"],"optionalArgs":["port","host"],"joinArgs":true,"shell":true,"port":8085} {"metadata":{"emulator":{"name":"pubsub"},"message":"Starting Pub/Sub Emulator with command {\"binary\":\"/home/louiscars190/.cache/firebase/emulators/pubsub-emulator-0.8.14/pubsub-emulator/bin/cloud-pubsub-emulator\",\"args\":[\"--host=127.0.0.1\",\"--port=8085\"],\"optionalArgs\":[\"port\",\"host\"],\"joinArgs\":true,\"shell\":true,\"port\":8085}"}}
[info] i  pubsub: Pub/Sub Emulator logging to pubsub-debug.log {"metadata":{"emulator":{"name":"pubsub"},"message":"Pub/Sub Emulator logging to \u001b[1mpubsub-debug.log\u001b[22m"}}
[debug] [2024-12-18T04:25:45.327Z] This is the Google Pub/Sub fake.
 {"metadata":{"emulator":{"name":"pubsub"},"message":"This is the Google Pub/Sub fake.\n"}}
[debug] [2024-12-18T04:25:45.327Z] Implementation may be incomplete or differ from the real system.
 {"metadata":{"emulator":{"name":"pubsub"},"message":"Implementation may be incomplete or differ from the real system.\n"}}
[debug] [2024-12-18T04:25:45.388Z] Dec 17, 2024 11:25:45 PM com.google.cloud.pubsub.testing.v1.Main main
INFO: IAM integration is disabled. IAM policy methods and ACL checks are not supported
 {"metadata":{"emulator":{"name":"pubsub"},"message":"Dec 17, 2024 11:25:45 PM com.google.cloud.pubsub.testing.v1.Main main\nINFO: IAM integration is disabled. IAM policy methods and ACL checks are not supported\n"}}
[debug] [2024-12-18T04:25:45.699Z] SLF4J: Failed to load class "org.slf4j.impl.StaticLoggerBinder".
SLF4J: Defaulting to no-operation (NOP) logger implementation
 {"metadata":{"emulator":{"name":"pubsub"},"message":"SLF4J: Failed to load class \"org.slf4j.impl.StaticLoggerBinder\".\nSLF4J: Defaulting to no-operation (NOP) logger implementation\n"}}
[debug] [2024-12-18T04:25:45.700Z] SLF4J: See http://www.slf4j.org/codes.html#StaticLoggerBinder for further details.
 {"metadata":{"emulator":{"name":"pubsub"},"message":"SLF4J: See http://www.slf4j.org/codes.html#StaticLoggerBinder for further details.\n"}}
[debug] [2024-12-18T04:25:46.349Z] Dec 17, 2024 11:25:46 PM com.google.cloud.pubsub.testing.v1.Main main
INFO: Server started, listening on 8085
 {"metadata":{"emulator":{"name":"pubsub"},"message":"Dec 17, 2024 11:25:46 PM com.google.cloud.pubsub.testing.v1.Main main\nINFO: Server started, listening on 8085\n"}}
[debug] [2024-12-18T04:25:46.533Z] [Extensions] Connecting Extensions emulator, this is a noop.
[info] i  functions: Watching "/home/louiscars190/product-dashboard-learn/productdashboard/functions" for Cloud Functions... {"metadata":{"emulator":{"name":"functions"},"message":"Watching \"/home/louiscars190/product-dashboard-learn/productdashboard/functions\" for Cloud Functions..."}}
[debug] [2024-12-18T04:25:46.546Z] Validating nodejs source
[debug] [2024-12-18T04:25:47.786Z] > [functions] package.json contents: {
  "name": "functions",
  "scripts": {
    "lint": "eslint --ext .js,.ts .",
    "build": "tsc",
    "build:watch": "tsc --watch",
    "serve": "npm run build && firebase emulators:start --only functions",
    "shell": "npm run build && firebase functions:shell",
    "start": "npm run shell",
    "deploy": "firebase deploy --only functions",
    "logs": "firebase functions:log"
  },
  "engines": {
    "node": "22"
  },
  "main": "lib/index.js",
  "dependencies": {
    "firebase-admin": "^12.6.0",
    "firebase-functions": "^6.0.1"
  },
  "devDependencies": {
    "@typescript-eslint/eslint-plugin": "^5.12.0",
    "@typescript-eslint/parser": "^5.12.0",
    "eslint": "^8.9.0",
    "eslint-config-google": "^0.14.0",
    "eslint-plugin-import": "^2.25.4",
    "firebase-functions-test": "^3.1.0",
    "typescript": "^4.9.0"
  },
  "private": true
}
[debug] [2024-12-18T04:25:47.786Z] Building nodejs source
[debug] [2024-12-18T04:25:47.787Z] Failed to find version of module node: reached end of search path /home/louiscars190/product-dashboard-learn/productdashboard/functions/node_modules
[info] ✔  functions: Using node@22 from host. 
[debug] [2024-12-18T04:25:47.789Z] Could not find functions.yaml. Must use http discovery
[debug] [2024-12-18T04:25:47.794Z] Found firebase-functions binary at '/home/louiscars190/product-dashboard-learn/productdashboard/functions/node_modules/.bin/firebase-functions'
[info] Serving at port 8201

[debug] [2024-12-18T04:25:48.390Z] Got response from /__/functions.yaml {"endpoints":{"onUserCreated":{"platform":"gcfv1","availableMemoryMb":null,"timeoutSeconds":null,"minInstances":null,"maxInstances":null,"ingressSettings":null,"serviceAccountEmail":null,"vpc":null,"eventTrigger":{"eventType":"providers/firebase.auth/eventTypes/user.create","eventFilters":{"resource":"projects/productdashboard-f3ecb"},"retry":false},"labels":{},"entryPoint":"onUserCreated"},"onUserDeleted":{"platform":"gcfv1","availableMemoryMb":null,"timeoutSeconds":null,"minInstances":null,"maxInstances":null,"ingressSettings":null,"serviceAccountEmail":null,"vpc":null,"eventTrigger":{"eventType":"providers/firebase.auth/eventTypes/user.delete","eventFilters":{"resource":"projects/productdashboard-f3ecb"},"retry":false},"labels":{},"entryPoint":"onUserDeleted"}},"specVersion":"v1alpha1","requiredAPIs":[],"extensions":{}}
[debug] [2024-12-18T04:25:52.411Z] defaultcredentials: writing to file /home/louiscars190/.config/firebase/louiscars170_gmail_com_application_default_credentials.json
[debug] [2024-12-18T04:25:52.413Z] Setting GAC to /home/louiscars190/.config/firebase/louiscars170_gmail_com_application_default_credentials.json {"metadata":{"emulator":{"name":"functions"},"message":"Setting GAC to /home/louiscars190/.config/firebase/louiscars170_gmail_com_application_default_credentials.json"}}
[info] ✔  functions: Loaded functions definitions from source: onUserCreated, onUserDeleted. {"metadata":{"emulator":{"name":"functions"},"message":"Loaded functions definitions from source: onUserCreated, onUserDeleted."}}
[debug] [2024-12-18T04:25:52.415Z] addAuthTrigger {"eventTrigger":{"eventType":"providers/firebase.auth/eventTypes/user.create","resource":"projects/productdashboard-f3ecb"}}
[info] ✔  functions[us-central1-onUserCreated]: auth function initialized. {"metadata":{"emulator":{"name":"functions"},"message":"\u001b[1mauth\u001b[22m function initialized."}}
[debug] [2024-12-18T04:25:52.415Z] addAuthTrigger {"eventTrigger":{"eventType":"providers/firebase.auth/eventTypes/user.delete","resource":"projects/productdashboard-f3ecb"}}
[info] ✔  functions[us-central1-onUserDeleted]: auth function initialized. {"metadata":{"emulator":{"name":"functions"},"message":"\u001b[1mauth\u001b[22m function initialized."}}
[debug] [2024-12-18T04:25:52.417Z] Could not find VSCode notification endpoint: FetchError: request to http://localhost:40001/vscode/notify failed, reason: connect ECONNREFUSED 127.0.0.1:40001. If you are not running the Firebase Data Connect VSCode extension, this is expected and not an issue.
[info] 
┌─────────────────────────────────────────────────────────────┐
│ ✔  All emulators ready! It is now safe to connect your app. │
│ i  View Emulator UI at http://127.0.0.1:4000/               │
└─────────────────────────────────────────────────────────────┘

┌────────────────┬────────────────┬──────────────────────────────────┐
│ Emulator       │ Host:Port      │ View in Emulator UI              │
├────────────────┼────────────────┼──────────────────────────────────┤
│ Authentication │ 127.0.0.1:9099 │ http://127.0.0.1:4000/auth       │
├────────────────┼────────────────┼──────────────────────────────────┤
│ Functions      │ 127.0.0.1:5001 │ http://127.0.0.1:4000/functions  │
├────────────────┼────────────────┼──────────────────────────────────┤
│ Pub/Sub        │ 127.0.0.1:8085 │ n/a                              │
├────────────────┼────────────────┼──────────────────────────────────┤
│ Extensions     │ 127.0.0.1:5001 │ http://127.0.0.1:4000/extensions │
└────────────────┴────────────────┴──────────────────────────────────┘
  Emulator Hub running at 127.0.0.1:4400
  Other reserved ports: 4500
┌─────────────────────────┬───────────────┬─────────────────────┐
│ Extension Instance Name │ Extension Ref │ View in Emulator UI │
└─────────────────────────┴───────────────┴─────────────────────┘
Issues? Report them at https://github.com/firebase/firebase-tools/issues and attach the *-debug.log files.
 
[debug] [2024-12-18T04:27:12.039Z] >>> [apiv2][query] POST http://127.0.0.1:5001/functions/projects/productdashboard-f3ecb/trigger_multicast [none]
[debug] [2024-12-18T04:27:12.039Z] >>> [apiv2][body] POST http://127.0.0.1:5001/functions/projects/productdashboard-f3ecb/trigger_multicast {"eventId":"07b3e9b7-6df8-4e34-b404-244a72e18a59","eventType":"providers/firebase.auth/eventTypes/user.create","resource":{"name":"projects/productdashboard-f3ecb","service":"firebaseauth.googleapis.com"},"params":{},"timestamp":"2024-12-18T04:27:12.038Z","data":{"uid":"Ks6QDrbVHkLoxz8vAJJjOyv9rDmH","email":"louiscars170@gmail.com","emailVerified":false,"metadata":{"creationTime":"2024-12-18T04:27:12.037Z","lastSignInTime":"2024-12-18T04:27:12.037Z"},"customClaims":{},"providerData":[{"providerId":"password","email":"louiscars170@gmail.com","federatedId":"louiscars170@gmail.com","rawId":"louiscars170@gmail.com"}]}}
[debug] [2024-12-18T04:27:12.050Z] [work-queue] {"queuedWork":["us-central1-onUserCreated-0-2024-12-18T04:27:12.050Z"],"queueLength":1,"runningWork":[],"workRunningCount":0}
[debug] [2024-12-18T04:27:12.050Z] [work-queue] {"queuedWork":[],"queueLength":0,"runningWork":["us-central1-onUserCreated-0-2024-12-18T04:27:12.050Z"],"workRunningCount":1}
[debug] [2024-12-18T04:27:12.051Z] [work-queue] {"queuedWork":[],"queueLength":0,"runningWork":[],"workRunningCount":0}
[debug] [2024-12-18T04:27:12.053Z] <<< [apiv2][status] POST http://127.0.0.1:5001/functions/projects/productdashboard-f3ecb/trigger_multicast 200
[debug] [2024-12-18T04:27:12.053Z] <<< [apiv2][body] POST http://127.0.0.1:5001/functions/projects/productdashboard-f3ecb/trigger_multicast {"status":"multicast_acknowledged"}
[debug] [2024-12-18T04:27:12.054Z] [work-queue] {"queuedWork":["/functions/projects/productdashboard-f3ecb/triggers/us-central1-onUserCreated-0-2024-12-18T04:27:12.054Z"],"queueLength":1,"runningWork":[],"workRunningCount":0}
[debug] [2024-12-18T04:27:12.055Z] [work-queue] {"queuedWork":[],"queueLength":0,"runningWork":["/functions/projects/productdashboard-f3ecb/triggers/us-central1-onUserCreated-0-2024-12-18T04:27:12.054Z"],"workRunningCount":1}
[debug] [2024-12-18T04:27:12.055Z] Accepted request POST /functions/projects/productdashboard-f3ecb/triggers/us-central1-onUserCreated-0 --> us-central1-onUserCreated-0
[debug] [2024-12-18T04:27:12.063Z] [functions] Runtime ready! Sending request! {"metadata":{"emulator":{"name":"functions"},"message":"[functions] Runtime ready! Sending request!"}}
[debug] [2024-12-18T04:27:12.064Z] [functions] Got req.url=/functions/projects/productdashboard-f3ecb/triggers/us-central1-onUserCreated-0, mapping to path=/functions/projects/ {"metadata":{"emulator":{"name":"functions"},"message":"[functions] Got req.url=/functions/projects/productdashboard-f3ecb/triggers/us-central1-onUserCreated-0, mapping to path=/functions/projects/"}}
[debug] [2024-12-18T04:27:12.072Z] [worker-pool] addWorker(us-central1-onUserCreated) {"metadata":{"emulator":{"name":"functions"},"message":"[worker-pool] addWorker(us-central1-onUserCreated)"}}
[debug] [2024-12-18T04:27:12.072Z] [worker-pool] Adding worker with key us-central1-onUserCreated, total=1 {"metadata":{"emulator":{"name":"functions"},"message":"[worker-pool] Adding worker with key us-central1-onUserCreated, total=1"}}
[info] >  (node:495110) [DEP0040] DeprecationWarning: The `punycode` module is deprecated. Please use a userland alternative instead. {"user":"(node:495110) [DEP0040] DeprecationWarning: The `punycode` module is deprecated. Please use a userland alternative instead.","metadata":{"emulator":{"name":"functions"},"function":{"name":"us-central1-onUserCreated"},"extension":{},"message":"\u001b[90m> \u001b[39m (node:495110) [DEP0040] DeprecationWarning: The `punycode` module is deprecated. Please use a userland alternative instead."}}
[info] >  (Use `node --trace-deprecation ...` to show where the warning was created) {"user":"(Use `node --trace-deprecation ...` to show where the warning was created)","metadata":{"emulator":{"name":"functions"},"function":{"name":"us-central1-onUserCreated"},"extension":{},"message":"\u001b[90m> \u001b[39m (Use `node --trace-deprecation ...` to show where the warning was created)"}}
[debug] [2024-12-18T04:27:13.586Z] [runtime-status] [495110] Resolved module firebase-admin {"declared":true,"installed":true,"version":"12.7.0","resolution":"/home/louiscars190/product-dashboard-learn/productdashboard/functions/node_modules/firebase-admin/lib/index.js"} {"metadata":{"emulator":{"name":"functions"},"function":{"name":"us-central1-onUserCreated"},"extension":{},"message":"[runtime-status] [495110] Resolved module firebase-admin {\"declared\":true,\"installed\":true,\"version\":\"12.7.0\",\"resolution\":\"/home/louiscars190/product-dashboard-learn/productdashboard/functions/node_modules/firebase-admin/lib/index.js\"}"}}
[debug] [2024-12-18T04:27:13.587Z] [runtime-status] [495110] Resolved module firebase-functions {"declared":true,"installed":true,"version":"6.1.2","resolution":"/home/louiscars190/product-dashboard-learn/productdashboard/functions/node_modules/firebase-functions/lib/v2/index.js"} {"metadata":{"emulator":{"name":"functions"},"function":{"name":"us-central1-onUserCreated"},"extension":{},"message":"[runtime-status] [495110] Resolved module firebase-functions {\"declared\":true,\"installed\":true,\"version\":\"6.1.2\",\"resolution\":\"/home/louiscars190/product-dashboard-learn/productdashboard/functions/node_modules/firebase-functions/lib/v2/index.js\"}"}}
[debug] [2024-12-18T04:27:13.587Z] [runtime-status] [495110] Outgoing network have been stubbed. [{"name":"http","status":"mocked"},{"name":"http","status":"mocked"},{"name":"https","status":"mocked"},{"name":"https","status":"mocked"},{"name":"net","status":"mocked"}] {"metadata":{"emulator":{"name":"functions"},"function":{"name":"us-central1-onUserCreated"},"extension":{},"message":"[runtime-status] [495110] Outgoing network have been stubbed. [{\"name\":\"http\",\"status\":\"mocked\"},{\"name\":\"http\",\"status\":\"mocked\"},{\"name\":\"https\",\"status\":\"mocked\"},{\"name\":\"https\",\"status\":\"mocked\"},{\"name\":\"net\",\"status\":\"mocked\"}]"}}
[debug] [2024-12-18T04:27:13.587Z] [runtime-status] [495110] Resolved module firebase-functions {"declared":true,"installed":true,"version":"6.1.2","resolution":"/home/louiscars190/product-dashboard-learn/productdashboard/functions/node_modules/firebase-functions/lib/v2/index.js"} {"metadata":{"emulator":{"name":"functions"},"function":{"name":"us-central1-onUserCreated"},"extension":{},"message":"[runtime-status] [495110] Resolved module firebase-functions {\"declared\":true,\"installed\":true,\"version\":\"6.1.2\",\"resolution\":\"/home/louiscars190/product-dashboard-learn/productdashboard/functions/node_modules/firebase-functions/lib/v2/index.js\"}"}}
[debug] [2024-12-18T04:27:14.026Z] [runtime-status] [495110] Checked functions.config() {"config":{}} {"metadata":{"emulator":{"name":"functions"},"function":{"name":"us-central1-onUserCreated"},"extension":{},"message":"[runtime-status] [495110] Checked functions.config() {\"config\":{}}"}}
[debug] [2024-12-18T04:27:14.026Z] [runtime-status] [495110] firebase-functions has been stubbed. {"functionsResolution":{"declared":true,"installed":true,"version":"6.1.2","resolution":"/home/louiscars190/product-dashboard-learn/productdashboard/functions/node_modules/firebase-functions/lib/v2/index.js"}} {"metadata":{"emulator":{"name":"functions"},"function":{"name":"us-central1-onUserCreated"},"extension":{},"message":"[runtime-status] [495110] firebase-functions has been stubbed. {\"functionsResolution\":{\"declared\":true,\"installed\":true,\"version\":\"6.1.2\",\"resolution\":\"/home/louiscars190/product-dashboard-learn/productdashboard/functions/node_modules/firebase-functions/lib/v2/index.js\"}}"}}
[debug] [2024-12-18T04:27:14.026Z] [runtime-status] [495110] Resolved module firebase-functions {"declared":true,"installed":true,"version":"6.1.2","resolution":"/home/louiscars190/product-dashboard-learn/productdashboard/functions/node_modules/firebase-functions/lib/v2/index.js"} {"metadata":{"emulator":{"name":"functions"},"function":{"name":"us-central1-onUserCreated"},"extension":{},"message":"[runtime-status] [495110] Resolved module firebase-functions {\"declared\":true,\"installed\":true,\"version\":\"6.1.2\",\"resolution\":\"/home/louiscars190/product-dashboard-learn/productdashboard/functions/node_modules/firebase-functions/lib/v2/index.js\"}"}}
[debug] [2024-12-18T04:27:14.030Z] [runtime-status] [495110] Resolved module firebase-admin {"declared":true,"installed":true,"version":"12.7.0","resolution":"/home/louiscars190/product-dashboard-learn/productdashboard/functions/node_modules/firebase-admin/lib/index.js"} {"metadata":{"emulator":{"name":"functions"},"function":{"name":"us-central1-onUserCreated"},"extension":{},"message":"[runtime-status] [495110] Resolved module firebase-admin {\"declared\":true,\"installed\":true,\"version\":\"12.7.0\",\"resolution\":\"/home/louiscars190/product-dashboard-learn/productdashboard/functions/node_modules/firebase-admin/lib/index.js\"}"}}
[debug] [2024-12-18T04:27:14.032Z] [runtime-status] [495110] Resolved module firebase-functions {"declared":true,"installed":true,"version":"6.1.2","resolution":"/home/louiscars190/product-dashboard-learn/productdashboard/functions/node_modules/firebase-functions/lib/v2/index.js"} {"metadata":{"emulator":{"name":"functions"},"function":{"name":"us-central1-onUserCreated"},"extension":{},"message":"[runtime-status] [495110] Resolved module firebase-functions {\"declared\":true,\"installed\":true,\"version\":\"6.1.2\",\"resolution\":\"/home/louiscars190/product-dashboard-learn/productdashboard/functions/node_modules/firebase-functions/lib/v2/index.js\"}"}}
[debug] [2024-12-18T04:27:14.032Z] [runtime-status] [495110] firebase-admin has been stubbed. {"adminResolution":{"declared":true,"installed":true,"version":"12.7.0","resolution":"/home/louiscars190/product-dashboard-learn/productdashboard/functions/node_modules/firebase-admin/lib/index.js"}} {"metadata":{"emulator":{"name":"functions"},"function":{"name":"us-central1-onUserCreated"},"extension":{},"message":"[runtime-status] [495110] firebase-admin has been stubbed. {\"adminResolution\":{\"declared\":true,\"installed\":true,\"version\":\"12.7.0\",\"resolution\":\"/home/louiscars190/product-dashboard-learn/productdashboard/functions/node_modules/firebase-admin/lib/index.js\"}}"}}
[debug] [2024-12-18T04:27:14.046Z] [runtime-status] [495110] initializeApp(DEFAULT) {"storageBucket":"productdashboard-f3ecb.firebasestorage.app","projectId":"productdashboard-f3ecb"} {"metadata":{"emulator":{"name":"functions"},"function":{"name":"us-central1-onUserCreated"},"extension":{},"message":"[runtime-status] [495110] initializeApp(DEFAULT) {\"storageBucket\":\"productdashboard-f3ecb.firebasestorage.app\",\"projectId\":\"productdashboard-f3ecb\"}"}}
[debug] [2024-12-18T04:27:14.050Z] [runtime-status] [495110] Functions runtime initialized. {"cwd":"/home/louiscars190/product-dashboard-learn/productdashboard/functions","node_version":"22.9.0"} {"metadata":{"emulator":{"name":"functions"},"function":{"name":"us-central1-onUserCreated"},"extension":{},"message":"[runtime-status] [495110] Functions runtime initialized. {\"cwd\":\"/home/louiscars190/product-dashboard-learn/productdashboard/functions\",\"node_version\":\"22.9.0\"}"}}
[debug] [2024-12-18T04:27:14.051Z] [runtime-status] [495110] Listening to port: /tmp/fire_emu_7f1d5332233dcfd4.sock {"metadata":{"emulator":{"name":"functions"},"function":{"name":"us-central1-onUserCreated"},"extension":{},"message":"[runtime-status] [495110] Listening to port: /tmp/fire_emu_7f1d5332233dcfd4.sock"}}
[debug] [2024-12-18T04:27:14.096Z] [worker-us-central1-onUserCreated-3c384a1c-fe9d-4d26-a59e-1b9e64eb335e]: IDLE {"metadata":{"emulator":{"name":"functions"},"function":{"name":"us-central1-onUserCreated"},"extension":{},"message":"[worker-us-central1-onUserCreated-3c384a1c-fe9d-4d26-a59e-1b9e64eb335e]: IDLE"}}
[debug] [2024-12-18T04:27:14.096Z] [worker-pool] submitRequest(triggerId=us-central1-onUserCreated) {"metadata":{"emulator":{"name":"functions"},"message":"[worker-pool] submitRequest(triggerId=us-central1-onUserCreated)"}}
[info] i  functions: Beginning execution of "us-central1-onUserCreated" {"metadata":{"emulator":{"name":"functions"},"function":{"name":"us-central1-onUserCreated"},"extension":{},"message":"Beginning execution of \"us-central1-onUserCreated\""}}
[debug] [2024-12-18T04:27:14.097Z] [worker-us-central1-onUserCreated-3c384a1c-fe9d-4d26-a59e-1b9e64eb335e]: BUSY {"metadata":{"emulator":{"name":"functions"},"function":{"name":"us-central1-onUserCreated"},"extension":{},"message":"[worker-us-central1-onUserCreated-3c384a1c-fe9d-4d26-a59e-1b9e64eb335e]: BUSY"}}
[debug] [2024-12-18T04:27:14.111Z] [runtime-status] [495110] ProcessBackground: lifting resource.name from resource {"name":"projects/productdashboard-f3ecb","service":"firebaseauth.googleapis.com"} {"metadata":{"emulator":{"name":"functions"},"function":{"name":"us-central1-onUserCreated"},"extension":{},"message":"[runtime-status] [495110] ProcessBackground: lifting resource.name from resource {\"name\":\"projects/productdashboard-f3ecb\",\"service\":\"firebaseauth.googleapis.com\"}"}}
[debug] [2024-12-18T04:27:14.112Z] [runtime-status] [495110] RunBackground {"data":{"uid":"Ks6QDrbVHkLoxz8vAJJjOyv9rDmH","email":"louiscars170@gmail.com","emailVerified":false,"metadata":{"creationTime":"2024-12-18T04:27:12.037Z","lastSignInTime":"2024-12-18T04:27:12.037Z"},"customClaims":{},"providerData":[{"providerId":"password","email":"louiscars170@gmail.com","federatedId":"louiscars170@gmail.com","rawId":"louiscars170@gmail.com"}]},"context":{"eventId":"07b3e9b7-6df8-4e34-b404-244a72e18a59","eventType":"providers/firebase.auth/eventTypes/user.create","resource":"projects/productdashboard-f3ecb","params":{},"timestamp":"2024-12-18T04:27:12.038Z"}} {"metadata":{"emulator":{"name":"functions"},"function":{"name":"us-central1-onUserCreated"},"extension":{},"message":"[runtime-status] [495110] RunBackground {\"data\":{\"uid\":\"Ks6QDrbVHkLoxz8vAJJjOyv9rDmH\",\"email\":\"louiscars170@gmail.com\",\"emailVerified\":false,\"metadata\":{\"creationTime\":\"2024-12-18T04:27:12.037Z\",\"lastSignInTime\":\"2024-12-18T04:27:12.037Z\"},\"customClaims\":{},\"providerData\":[{\"providerId\":\"password\",\"email\":\"louiscars170@gmail.com\",\"federatedId\":\"louiscars170@gmail.com\",\"rawId\":\"louiscars170@gmail.com\"}]},\"context\":{\"eventId\":\"07b3e9b7-6df8-4e34-b404-244a72e18a59\",\"eventType\":\"providers/firebase.auth/eventTypes/user.create\",\"resource\":\"projects/productdashboard-f3ecb\",\"params\":{},\"timestamp\":\"2024-12-18T04:27:12.038Z\"}}"}}
[debug] [2024-12-18T04:27:14.127Z] Finishing up request with event=pause {"metadata":{"emulator":{"name":"functions"},"function":{"name":"us-central1-onUserCreated"},"extension":{},"message":"Finishing up request with event=pause"}}
[info] i  functions: Finished "us-central1-onUserCreated" in 29.981055ms {"metadata":{"emulator":{"name":"functions"},"function":{"name":"us-central1-onUserCreated"},"extension":{},"message":"Finished \"us-central1-onUserCreated\" in 29.981055ms"}}
[debug] [2024-12-18T04:27:14.127Z] [worker-us-central1-onUserCreated-3c384a1c-fe9d-4d26-a59e-1b9e64eb335e]: IDLE {"metadata":{"emulator":{"name":"functions"},"function":{"name":"us-central1-onUserCreated"},"extension":{},"message":"[worker-us-central1-onUserCreated-3c384a1c-fe9d-4d26-a59e-1b9e64eb335e]: IDLE"}}
[debug] [2024-12-18T04:27:14.127Z] Finishing up request with event=finish {"metadata":{"emulator":{"name":"functions"},"function":{"name":"us-central1-onUserCreated"},"extension":{},"message":"Finishing up request with event=finish"}}
[debug] [2024-12-18T04:27:14.127Z] Finishing up request with event=close {"metadata":{"emulator":{"name":"functions"},"function":{"name":"us-central1-onUserCreated"},"extension":{},"message":"Finishing up request with event=close"}}
[debug] [2024-12-18T04:27:14.127Z] [work-queue] {"queuedWork":[],"queueLength":0,"runningWork":[],"workRunningCount":0}
[debug] [2024-12-18T04:43:28.742Z] >>> [apiv2][query] POST http://127.0.0.1:5001/functions/projects/productdashboard-f3ecb/trigger_multicast [none]
[debug] [2024-12-18T04:43:28.757Z] >>> [apiv2][body] POST http://127.0.0.1:5001/functions/projects/productdashboard-f3ecb/trigger_multicast {"eventId":"d4da2c31-48a5-4c29-b23c-4281c47830a5","eventType":"providers/firebase.auth/eventTypes/user.create","resource":{"name":"projects/productdashboard-f3ecb","service":"firebaseauth.googleapis.com"},"params":{},"timestamp":"2024-12-18T04:43:28.728Z","data":{"uid":"iv7KGHzl3vnx0Rt2iwalWxeDiM9g","email":"kimu999@live.com","emailVerified":false,"metadata":{"creationTime":"2024-12-18T04:43:28.720Z","lastSignInTime":"2024-12-18T04:43:28.720Z"},"customClaims":{},"providerData":[{"providerId":"password","email":"kimu999@live.com","federatedId":"kimu999@live.com","rawId":"kimu999@live.com"}]}}
[debug] [2024-12-18T04:43:28.882Z] [work-queue] {"queuedWork":["us-central1-onUserCreated-0-2024-12-18T04:43:28.880Z"],"queueLength":1,"runningWork":[],"workRunningCount":0}
[debug] [2024-12-18T04:43:28.884Z] [work-queue] {"queuedWork":[],"queueLength":0,"runningWork":["us-central1-onUserCreated-0-2024-12-18T04:43:28.880Z"],"workRunningCount":1}
[debug] [2024-12-18T04:43:28.885Z] [work-queue] {"queuedWork":[],"queueLength":0,"runningWork":[],"workRunningCount":0}
[debug] [2024-12-18T04:43:28.899Z] <<< [apiv2][status] POST http://127.0.0.1:5001/functions/projects/productdashboard-f3ecb/trigger_multicast 200
[debug] [2024-12-18T04:43:28.899Z] <<< [apiv2][body] POST http://127.0.0.1:5001/functions/projects/productdashboard-f3ecb/trigger_multicast {"status":"multicast_acknowledged"}
[debug] [2024-12-18T04:43:28.902Z] [work-queue] {"queuedWork":["/functions/projects/productdashboard-f3ecb/triggers/us-central1-onUserCreated-0-2024-12-18T04:43:28.902Z"],"queueLength":1,"runningWork":[],"workRunningCount":0}
[debug] [2024-12-18T04:43:28.902Z] [work-queue] {"queuedWork":[],"queueLength":0,"runningWork":["/functions/projects/productdashboard-f3ecb/triggers/us-central1-onUserCreated-0-2024-12-18T04:43:28.902Z"],"workRunningCount":1}
[debug] [2024-12-18T04:43:28.903Z] Accepted request POST /functions/projects/productdashboard-f3ecb/triggers/us-central1-onUserCreated-0 --> us-central1-onUserCreated-0
[debug] [2024-12-18T04:43:28.918Z] [functions] Runtime ready! Sending request! {"metadata":{"emulator":{"name":"functions"},"message":"[functions] Runtime ready! Sending request!"}}
[debug] [2024-12-18T04:43:28.919Z] [functions] Got req.url=/functions/projects/productdashboard-f3ecb/triggers/us-central1-onUserCreated-0, mapping to path=/functions/projects/ {"metadata":{"emulator":{"name":"functions"},"message":"[functions] Got req.url=/functions/projects/productdashboard-f3ecb/triggers/us-central1-onUserCreated-0, mapping to path=/functions/projects/"}}
[debug] [2024-12-18T04:43:28.920Z] [worker-pool] submitRequest(triggerId=us-central1-onUserCreated) {"metadata":{"emulator":{"name":"functions"},"message":"[worker-pool] submitRequest(triggerId=us-central1-onUserCreated)"}}
[info] i  functions: Beginning execution of "us-central1-onUserCreated" {"metadata":{"emulator":{"name":"functions"},"function":{"name":"us-central1-onUserCreated"},"extension":{},"message":"Beginning execution of \"us-central1-onUserCreated\""}}
[debug] [2024-12-18T04:43:28.927Z] [worker-us-central1-onUserCreated-3c384a1c-fe9d-4d26-a59e-1b9e64eb335e]: BUSY {"metadata":{"emulator":{"name":"functions"},"function":{"name":"us-central1-onUserCreated"},"extension":{},"message":"[worker-us-central1-onUserCreated-3c384a1c-fe9d-4d26-a59e-1b9e64eb335e]: BUSY"}}
[debug] [2024-12-18T04:43:29.023Z] [runtime-status] [495110] ProcessBackground: lifting resource.name from resource {"name":"projects/productdashboard-f3ecb","service":"firebaseauth.googleapis.com"} {"metadata":{"emulator":{"name":"functions"},"function":{"name":"us-central1-onUserCreated"},"extension":{},"message":"[runtime-status] [495110] ProcessBackground: lifting resource.name from resource {\"name\":\"projects/productdashboard-f3ecb\",\"service\":\"firebaseauth.googleapis.com\"}"}}
[debug] [2024-12-18T04:43:29.024Z] [runtime-status] [495110] RunBackground {"data":{"uid":"iv7KGHzl3vnx0Rt2iwalWxeDiM9g","email":"kimu999@live.com","emailVerified":false,"metadata":{"creationTime":"2024-12-18T04:43:28.720Z","lastSignInTime":"2024-12-18T04:43:28.720Z"},"customClaims":{},"providerData":[{"providerId":"password","email":"kimu999@live.com","federatedId":"kimu999@live.com","rawId":"kimu999@live.com"}]},"context":{"eventId":"d4da2c31-48a5-4c29-b23c-4281c47830a5","eventType":"providers/firebase.auth/eventTypes/user.create","resource":"projects/productdashboard-f3ecb","params":{},"timestamp":"2024-12-18T04:43:28.728Z"}} {"metadata":{"emulator":{"name":"functions"},"function":{"name":"us-central1-onUserCreated"},"extension":{},"message":"[runtime-status] [495110] RunBackground {\"data\":{\"uid\":\"iv7KGHzl3vnx0Rt2iwalWxeDiM9g\",\"email\":\"kimu999@live.com\",\"emailVerified\":false,\"metadata\":{\"creationTime\":\"2024-12-18T04:43:28.720Z\",\"lastSignInTime\":\"2024-12-18T04:43:28.720Z\"},\"customClaims\":{},\"providerData\":[{\"providerId\":\"password\",\"email\":\"kimu999@live.com\",\"federatedId\":\"kimu999@live.com\",\"rawId\":\"kimu999@live.com\"}]},\"context\":{\"eventId\":\"d4da2c31-48a5-4c29-b23c-4281c47830a5\",\"eventType\":\"providers/firebase.auth/eventTypes/user.create\",\"resource\":\"projects/productdashboard-f3ecb\",\"params\":{},\"timestamp\":\"2024-12-18T04:43:28.728Z\"}}"}}
[debug] [2024-12-18T04:43:29.081Z] Finishing up request with event=pause {"metadata":{"emulator":{"name":"functions"},"function":{"name":"us-central1-onUserCreated"},"extension":{},"message":"Finishing up request with event=pause"}}
[info] i  functions: Finished "us-central1-onUserCreated" in 154.824709ms {"metadata":{"emulator":{"name":"functions"},"function":{"name":"us-central1-onUserCreated"},"extension":{},"message":"Finished \"us-central1-onUserCreated\" in 154.824709ms"}}
[debug] [2024-12-18T04:43:29.082Z] [worker-us-central1-onUserCreated-3c384a1c-fe9d-4d26-a59e-1b9e64eb335e]: IDLE {"metadata":{"emulator":{"name":"functions"},"function":{"name":"us-central1-onUserCreated"},"extension":{},"message":"[worker-us-central1-onUserCreated-3c384a1c-fe9d-4d26-a59e-1b9e64eb335e]: IDLE"}}
[debug] [2024-12-18T04:43:29.082Z] Finishing up request with event=finish {"metadata":{"emulator":{"name":"functions"},"function":{"name":"us-central1-onUserCreated"},"extension":{},"message":"Finishing up request with event=finish"}}
[debug] [2024-12-18T04:43:29.082Z] Finishing up request with event=close {"metadata":{"emulator":{"name":"functions"},"function":{"name":"us-central1-onUserCreated"},"extension":{},"message":"Finishing up request with event=close"}}
[debug] [2024-12-18T04:43:29.082Z] [work-queue] {"queuedWork":[],"queueLength":0,"runningWork":[],"workRunningCount":0}
[debug] [2024-12-18T04:46:04.310Z] >>> [apiv2][query] POST http://127.0.0.1:5001/functions/projects/productdashboard-f3ecb/trigger_multicast [none]
[debug] [2024-12-18T04:46:04.311Z] >>> [apiv2][body] POST http://127.0.0.1:5001/functions/projects/productdashboard-f3ecb/trigger_multicast {"eventId":"bc084846-4d80-412d-92bb-89415d5d135c","eventType":"providers/firebase.auth/eventTypes/user.create","resource":{"name":"projects/productdashboard-f3ecb","service":"firebaseauth.googleapis.com"},"params":{},"timestamp":"2024-12-18T04:46:04.310Z","data":{"uid":"l8MeRkvupmtACbAeFqr2XNLXSOAO","email":"kimu999@live.com","emailVerified":false,"metadata":{"creationTime":"2024-12-18T04:46:04.309Z","lastSignInTime":"2024-12-18T04:46:04.309Z"},"customClaims":{},"providerData":[{"providerId":"password","email":"kimu999@live.com","federatedId":"kimu999@live.com","rawId":"kimu999@live.com"}]}}
[debug] [2024-12-18T04:46:04.315Z] [work-queue] {"queuedWork":["us-central1-onUserCreated-0-2024-12-18T04:46:04.315Z"],"queueLength":1,"runningWork":[],"workRunningCount":0}
[debug] [2024-12-18T04:46:04.316Z] [work-queue] {"queuedWork":[],"queueLength":0,"runningWork":["us-central1-onUserCreated-0-2024-12-18T04:46:04.315Z"],"workRunningCount":1}
[debug] [2024-12-18T04:46:04.316Z] [work-queue] {"queuedWork":[],"queueLength":0,"runningWork":[],"workRunningCount":0}
[debug] [2024-12-18T04:46:04.317Z] <<< [apiv2][status] POST http://127.0.0.1:5001/functions/projects/productdashboard-f3ecb/trigger_multicast 200
[debug] [2024-12-18T04:46:04.317Z] <<< [apiv2][body] POST http://127.0.0.1:5001/functions/projects/productdashboard-f3ecb/trigger_multicast {"status":"multicast_acknowledged"}
[debug] [2024-12-18T04:46:04.318Z] [work-queue] {"queuedWork":["/functions/projects/productdashboard-f3ecb/triggers/us-central1-onUserCreated-0-2024-12-18T04:46:04.318Z"],"queueLength":1,"runningWork":[],"workRunningCount":0}
[debug] [2024-12-18T04:46:04.318Z] [work-queue] {"queuedWork":[],"queueLength":0,"runningWork":["/functions/projects/productdashboard-f3ecb/triggers/us-central1-onUserCreated-0-2024-12-18T04:46:04.318Z"],"workRunningCount":1}
[debug] [2024-12-18T04:46:04.318Z] Accepted request POST /functions/projects/productdashboard-f3ecb/triggers/us-central1-onUserCreated-0 --> us-central1-onUserCreated-0
[debug] [2024-12-18T04:46:04.320Z] [functions] Runtime ready! Sending request! {"metadata":{"emulator":{"name":"functions"},"message":"[functions] Runtime ready! Sending request!"}}
[debug] [2024-12-18T04:46:04.321Z] [functions] Got req.url=/functions/projects/productdashboard-f3ecb/triggers/us-central1-onUserCreated-0, mapping to path=/functions/projects/ {"metadata":{"emulator":{"name":"functions"},"message":"[functions] Got req.url=/functions/projects/productdashboard-f3ecb/triggers/us-central1-onUserCreated-0, mapping to path=/functions/projects/"}}
[debug] [2024-12-18T04:46:04.321Z] [worker-pool] submitRequest(triggerId=us-central1-onUserCreated) {"metadata":{"emulator":{"name":"functions"},"message":"[worker-pool] submitRequest(triggerId=us-central1-onUserCreated)"}}
[info] i  functions: Beginning execution of "us-central1-onUserCreated" {"metadata":{"emulator":{"name":"functions"},"function":{"name":"us-central1-onUserCreated"},"extension":{},"message":"Beginning execution of \"us-central1-onUserCreated\""}}
[debug] [2024-12-18T04:46:04.323Z] [worker-us-central1-onUserCreated-3c384a1c-fe9d-4d26-a59e-1b9e64eb335e]: BUSY {"metadata":{"emulator":{"name":"functions"},"function":{"name":"us-central1-onUserCreated"},"extension":{},"message":"[worker-us-central1-onUserCreated-3c384a1c-fe9d-4d26-a59e-1b9e64eb335e]: BUSY"}}
[debug] [2024-12-18T04:46:04.332Z] [runtime-status] [495110] ProcessBackground: lifting resource.name from resource {"name":"projects/productdashboard-f3ecb","service":"firebaseauth.googleapis.com"} {"metadata":{"emulator":{"name":"functions"},"function":{"name":"us-central1-onUserCreated"},"extension":{},"message":"[runtime-status] [495110] ProcessBackground: lifting resource.name from resource {\"name\":\"projects/productdashboard-f3ecb\",\"service\":\"firebaseauth.googleapis.com\"}"}}
[debug] [2024-12-18T04:46:04.332Z] [runtime-status] [495110] RunBackground {"data":{"uid":"l8MeRkvupmtACbAeFqr2XNLXSOAO","email":"kimu999@live.com","emailVerified":false,"metadata":{"creationTime":"2024-12-18T04:46:04.309Z","lastSignInTime":"2024-12-18T04:46:04.309Z"},"customClaims":{},"providerData":[{"providerId":"password","email":"kimu999@live.com","federatedId":"kimu999@live.com","rawId":"kimu999@live.com"}]},"context":{"eventId":"bc084846-4d80-412d-92bb-89415d5d135c","eventType":"providers/firebase.auth/eventTypes/user.create","resource":"projects/productdashboard-f3ecb","params":{},"timestamp":"2024-12-18T04:46:04.310Z"}} {"metadata":{"emulator":{"name":"functions"},"function":{"name":"us-central1-onUserCreated"},"extension":{},"message":"[runtime-status] [495110] RunBackground {\"data\":{\"uid\":\"l8MeRkvupmtACbAeFqr2XNLXSOAO\",\"email\":\"kimu999@live.com\",\"emailVerified\":false,\"metadata\":{\"creationTime\":\"2024-12-18T04:46:04.309Z\",\"lastSignInTime\":\"2024-12-18T04:46:04.309Z\"},\"customClaims\":{},\"providerData\":[{\"providerId\":\"password\",\"email\":\"kimu999@live.com\",\"federatedId\":\"kimu999@live.com\",\"rawId\":\"kimu999@live.com\"}]},\"context\":{\"eventId\":\"bc084846-4d80-412d-92bb-89415d5d135c\",\"eventType\":\"providers/firebase.auth/eventTypes/user.create\",\"resource\":\"projects/productdashboard-f3ecb\",\"params\":{},\"timestamp\":\"2024-12-18T04:46:04.310Z\"}}"}}
[debug] [2024-12-18T04:46:04.356Z] Finishing up request with event=pause {"metadata":{"emulator":{"name":"functions"},"function":{"name":"us-central1-onUserCreated"},"extension":{},"message":"Finishing up request with event=pause"}}
[info] i  functions: Finished "us-central1-onUserCreated" in 33.468842ms {"metadata":{"emulator":{"name":"functions"},"function":{"name":"us-central1-onUserCreated"},"extension":{},"message":"Finished \"us-central1-onUserCreated\" in 33.468842ms"}}
[debug] [2024-12-18T04:46:04.357Z] [worker-us-central1-onUserCreated-3c384a1c-fe9d-4d26-a59e-1b9e64eb335e]: IDLE {"metadata":{"emulator":{"name":"functions"},"function":{"name":"us-central1-onUserCreated"},"extension":{},"message":"[worker-us-central1-onUserCreated-3c384a1c-fe9d-4d26-a59e-1b9e64eb335e]: IDLE"}}
[debug] [2024-12-18T04:46:04.357Z] Finishing up request with event=finish {"metadata":{"emulator":{"name":"functions"},"function":{"name":"us-central1-onUserCreated"},"extension":{},"message":"Finishing up request with event=finish"}}
[debug] [2024-12-18T04:46:04.357Z] Finishing up request with event=close {"metadata":{"emulator":{"name":"functions"},"function":{"name":"us-central1-onUserCreated"},"extension":{},"message":"Finishing up request with event=close"}}
[debug] [2024-12-18T04:46:04.358Z] [work-queue] {"queuedWork":[],"queueLength":0,"runningWork":[],"workRunningCount":0}
